{"/Users/jeong-yonghoon/Desktop/hoonloper/algorithm-study/Algorithm-study/jest/jest.js": {"path":"/Users/jeong-yonghoon/Desktop/hoonloper/algorithm-study/Algorithm-study/jest/jest.js","statementMap":{"0":{"start":{"line":1,"column":11},"end":{"line":9,"column":1}},"1":{"start":{"line":2,"column":23},"end":{"line":2,"column":34}},"2":{"start":{"line":3,"column":23},"end":{"line":3,"column":34}},"3":{"start":{"line":4,"column":28},"end":{"line":8,"column":3}},"4":{"start":{"line":11,"column":0},"end":{"line":11,"column":20}}},"fnMap":{"0":{"name":"(anonymous_0)","decl":{"start":{"line":2,"column":7},"end":{"line":2,"column":8}},"loc":{"start":{"line":2,"column":23},"end":{"line":2,"column":34}},"line":2},"1":{"name":"(anonymous_1)","decl":{"start":{"line":3,"column":7},"end":{"line":3,"column":8}},"loc":{"start":{"line":3,"column":23},"end":{"line":3,"column":34}},"line":3},"2":{"name":"(anonymous_2)","decl":{"start":{"line":4,"column":12},"end":{"line":4,"column":13}},"loc":{"start":{"line":4,"column":28},"end":{"line":8,"column":3}},"line":4}},"branchMap":{},"s":{"0":1,"1":1,"2":1,"3":1,"4":1},"f":{"0":1,"1":1,"2":1},"b":{},"_coverageSchema":"1a1c01bbd47fc00a2c39e90264f33305004495a9","hash":"d8029769926563a725b4f5bdeeb4328624b46992"}
}
